<?xml version="1.0" encoding="UTF-8"?>
<coverage generated="1757938221">
  <project timestamp="1757938221" name="Clover Coverage">
    <package name="MagicSystemsIO\Notifyre\Channels">
      <file name="/home/arbi/Desktop/hirealoo/notifyre-laravel/src/Channels/NotifyreChannel.php">
        <class name="MagicSystemsIO\Notifyre\Channels\NotifyreChannel" namespace="MagicSystemsIO\Notifyre\Channels">
          <metrics complexity="4" methods="1" coveredmethods="1" conditionals="0" coveredconditionals="0" statements="8" coveredstatements="8" elements="9" coveredelements="9"/>
        </class>
        <line num="21" type="method" name="send" visibility="public" complexity="4" crap="4" count="5"/>
        <line num="23" type="stmt" count="5"/>
        <line num="24" type="stmt" count="1"/>
        <line num="27" type="stmt" count="4"/>
        <line num="28" type="stmt" count="1"/>
        <line num="31" type="stmt" count="3"/>
        <line num="32" type="stmt" count="3"/>
        <line num="33" type="stmt" count="1"/>
        <line num="36" type="stmt" count="2"/>
        <metrics loc="39" ncloc="32" classes="1" methods="1" coveredmethods="1" conditionals="0" coveredconditionals="0" statements="8" coveredstatements="8" elements="9" coveredelements="9"/>
      </file>
    </package>
    <package name="MagicSystemsIO\Notifyre\Commands">
      <file name="/home/arbi/Desktop/hirealoo/notifyre-laravel/src/Commands/NotifyreSmsListCommand.php">
        <class name="MagicSystemsIO\Notifyre\Commands\NotifyreSmsListCommand" namespace="MagicSystemsIO\Notifyre\Commands">
          <metrics complexity="30" methods="7" coveredmethods="4" conditionals="0" coveredconditionals="0" statements="115" coveredstatements="99" elements="122" coveredelements="103"/>
        </class>
        <line num="30" type="method" name="handle" visibility="public" complexity="5" crap="6.47" count="5"/>
        <line num="33" type="stmt" count="5"/>
        <line num="34" type="stmt" count="1"/>
        <line num="36" type="stmt" count="1"/>
        <line num="37" type="stmt" count="1"/>
        <line num="39" type="stmt" count="0"/>
        <line num="42" type="stmt" count="1"/>
        <line num="45" type="stmt" count="4"/>
        <line num="47" type="stmt" count="4"/>
        <line num="48" type="stmt" count="4"/>
        <line num="49" type="stmt" count="0"/>
        <line num="51" type="stmt" count="0"/>
        <line num="53" type="stmt" count="4"/>
        <line num="55" type="stmt" count="4"/>
        <line num="57" type="stmt" count="4"/>
        <line num="59" type="stmt" count="0"/>
        <line num="60" type="stmt" count="0"/>
        <line num="61" type="stmt" count="0"/>
        <line num="63" type="stmt" count="0"/>
        <line num="67" type="method" name="displaySMSDetails" visibility="private" complexity="2" crap="2" count="1"/>
        <line num="69" type="stmt" count="1"/>
        <line num="70" type="stmt" count="1"/>
        <line num="72" type="stmt" count="1"/>
        <line num="74" type="stmt" count="1"/>
        <line num="75" type="stmt" count="1"/>
        <line num="76" type="stmt" count="1"/>
        <line num="77" type="stmt" count="1"/>
        <line num="78" type="stmt" count="1"/>
        <line num="79" type="stmt" count="1"/>
        <line num="80" type="stmt" count="1"/>
        <line num="81" type="stmt" count="1"/>
        <line num="82" type="stmt" count="1"/>
        <line num="83" type="stmt" count="1"/>
        <line num="84" type="stmt" count="1"/>
        <line num="85" type="stmt" count="1"/>
        <line num="87" type="stmt" count="1"/>
        <line num="88" type="stmt" count="1"/>
        <line num="89" type="stmt" count="1"/>
        <line num="90" type="stmt" count="1"/>
        <line num="94" type="method" name="formatTimestamp" visibility="private" complexity="2" crap="2.15" count="5"/>
        <line num="96" type="stmt" count="5"/>
        <line num="97" type="stmt" count="0"/>
        <line num="100" type="stmt" count="5"/>
        <line num="103" type="method" name="displayRecipients" visibility="private" complexity="2" crap="2" count="1"/>
        <line num="105" type="stmt" count="1"/>
        <line num="106" type="stmt" count="1"/>
        <line num="107" type="stmt" count="1"/>
        <line num="108" type="stmt" count="1"/>
        <line num="109" type="stmt" count="1"/>
        <line num="110" type="stmt" count="1"/>
        <line num="111" type="stmt" count="1"/>
        <line num="112" type="stmt" count="1"/>
        <line num="113" type="stmt" count="1"/>
        <line num="116" type="stmt" count="1"/>
        <line num="117" type="stmt" count="1"/>
        <line num="118" type="stmt" count="1"/>
        <line num="119" type="stmt" count="1"/>
        <line num="122" type="method" name="buildQueryParams" visibility="private" complexity="13" crap="17.40" count="4"/>
        <line num="124" type="stmt" count="4"/>
        <line num="126" type="stmt" count="4"/>
        <line num="127" type="stmt" count="2"/>
        <line num="128" type="stmt" count="2"/>
        <line num="129" type="stmt" count="1"/>
        <line num="131" type="stmt" count="1"/>
        <line num="135" type="stmt" count="4"/>
        <line num="137" type="stmt" count="4"/>
        <line num="138" type="stmt" count="0"/>
        <line num="141" type="stmt" count="4"/>
        <line num="142" type="stmt" count="0"/>
        <line num="145" type="stmt" count="4"/>
        <line num="146" type="stmt" count="0"/>
        <line num="149" type="stmt" count="4"/>
        <line num="150" type="stmt" count="0"/>
        <line num="153" type="stmt" count="4"/>
        <line num="154" type="stmt" count="0"/>
        <line num="157" type="stmt" count="4"/>
        <line num="158" type="stmt" count="0"/>
        <line num="161" type="stmt" count="4"/>
        <line num="162" type="stmt" count="0"/>
        <line num="165" type="stmt" count="4"/>
        <line num="166" type="stmt" count="0"/>
        <line num="167" type="stmt" count="4"/>
        <line num="168" type="stmt" count="1"/>
        <line num="170" type="stmt" count="3"/>
        <line num="173" type="stmt" count="4"/>
        <line num="176" type="method" name="handleTimeBasedFilters" visibility="private" complexity="4" crap="4" count="4"/>
        <line num="178" type="stmt" count="4"/>
        <line num="180" type="stmt" count="4"/>
        <line num="181" type="stmt" count="1"/>
        <line num="182" type="stmt" count="1"/>
        <line num="183" type="stmt" count="1"/>
        <line num="184" type="stmt" count="1"/>
        <line num="187" type="stmt" count="4"/>
        <line num="188" type="stmt" count="1"/>
        <line num="189" type="stmt" count="1"/>
        <line num="190" type="stmt" count="1"/>
        <line num="191" type="stmt" count="1"/>
        <line num="194" type="stmt" count="4"/>
        <line num="195" type="stmt" count="1"/>
        <line num="196" type="stmt" count="1"/>
        <line num="197" type="stmt" count="1"/>
        <line num="198" type="stmt" count="1"/>
        <line num="202" type="method" name="displaySMSList" visibility="private" complexity="2" crap="2" count="4"/>
        <line num="204" type="stmt" count="4"/>
        <line num="205" type="stmt" count="4"/>
        <line num="207" type="stmt" count="4"/>
        <line num="208" type="stmt" count="4"/>
        <line num="209" type="stmt" count="4"/>
        <line num="210" type="stmt" count="4"/>
        <line num="211" type="stmt" count="4"/>
        <line num="212" type="stmt" count="4"/>
        <line num="213" type="stmt" count="4"/>
        <line num="214" type="stmt" count="4"/>
        <line num="215" type="stmt" count="4"/>
        <line num="216" type="stmt" count="4"/>
        <line num="217" type="stmt" count="4"/>
        <line num="220" type="stmt" count="4"/>
        <line num="221" type="stmt" count="4"/>
        <line num="222" type="stmt" count="4"/>
        <line num="223" type="stmt" count="4"/>
        <line num="225" type="stmt" count="4"/>
        <line num="226" type="stmt" count="4"/>
        <metrics loc="229" ncloc="229" classes="1" methods="7" coveredmethods="4" conditionals="0" coveredconditionals="0" statements="115" coveredstatements="99" elements="122" coveredelements="103"/>
      </file>
      <file name="/home/arbi/Desktop/hirealoo/notifyre-laravel/src/Commands/NotifyreSmsSendCommand.php">
        <class name="MagicSystemsIO\Notifyre\Commands\NotifyreSmsSendCommand" namespace="MagicSystemsIO\Notifyre\Commands">
          <metrics complexity="6" methods="3" coveredmethods="1" conditionals="0" coveredconditionals="0" statements="20" coveredstatements="13" elements="23" coveredelements="14"/>
        </class>
        <line num="22" type="method" name="handle" visibility="public" complexity="2" crap="2.02" count="3"/>
        <line num="25" type="stmt" count="3"/>
        <line num="27" type="stmt" count="3"/>
        <line num="28" type="stmt" count="3"/>
        <line num="29" type="stmt" count="3"/>
        <line num="30" type="stmt" count="3"/>
        <line num="32" type="stmt" count="0"/>
        <line num="34" type="stmt" count="0"/>
        <line num="35" type="stmt" count="3"/>
        <line num="36" type="stmt" count="3"/>
        <line num="37" type="stmt" count="3"/>
        <line num="39" type="stmt" count="3"/>
        <line num="46" type="method" name="parseMessage" visibility="private" complexity="1" crap="1" count="3"/>
        <line num="48" type="stmt" count="3"/>
        <line num="55" type="method" name="parseRecipients" visibility="private" complexity="3" crap="5.20" count="1"/>
        <line num="57" type="stmt" count="1"/>
        <line num="58" type="stmt" count="1"/>
        <line num="59" type="stmt" count="1"/>
        <line num="62" type="stmt" count="0"/>
        <line num="63" type="stmt" count="0"/>
        <line num="64" type="stmt" count="0"/>
        <line num="66" type="stmt" count="0"/>
        <line num="68" type="stmt" count="0"/>
        <metrics loc="71" ncloc="64" classes="1" methods="3" coveredmethods="1" conditionals="0" coveredconditionals="0" statements="20" coveredstatements="13" elements="23" coveredelements="14"/>
      </file>
      <file name="/home/arbi/Desktop/hirealoo/notifyre-laravel/src/Commands/PublishNotifyreAllCommand.php">
        <class name="MagicSystemsIO\Notifyre\Commands\PublishNotifyreAllCommand" namespace="MagicSystemsIO\Notifyre\Commands">
          <metrics complexity="2" methods="1" coveredmethods="1" conditionals="0" coveredconditionals="0" statements="10" coveredstatements="10" elements="11" coveredelements="11"/>
        </class>
        <line num="13" type="method" name="handle" visibility="public" complexity="2" crap="2" count="2"/>
        <line num="15" type="stmt" count="2"/>
        <line num="17" type="stmt" count="2"/>
        <line num="19" type="stmt" count="2"/>
        <line num="20" type="stmt" count="2"/>
        <line num="22" type="stmt" count="2"/>
        <line num="23" type="stmt" count="2"/>
        <line num="24" type="stmt" count="2"/>
        <line num="25" type="stmt" count="2"/>
        <line num="26" type="stmt" count="2"/>
        <line num="27" type="stmt" count="2"/>
        <metrics loc="30" ncloc="30" classes="1" methods="1" coveredmethods="1" conditionals="0" coveredconditionals="0" statements="10" coveredstatements="10" elements="11" coveredelements="11"/>
      </file>
      <file name="/home/arbi/Desktop/hirealoo/notifyre-laravel/src/Commands/PublishNotifyreConfigCommand.php">
        <class name="MagicSystemsIO\Notifyre\Commands\PublishNotifyreConfigCommand" namespace="MagicSystemsIO\Notifyre\Commands">
          <metrics complexity="5" methods="2" coveredmethods="1" conditionals="0" coveredconditionals="0" statements="11" coveredstatements="10" elements="13" coveredelements="11"/>
        </class>
        <line num="14" type="method" name="handle" visibility="public" complexity="2" crap="2" count="5"/>
        <line num="16" type="stmt" count="5"/>
        <line num="17" type="stmt" count="4"/>
        <line num="18" type="stmt" count="4"/>
        <line num="19" type="stmt" count="4"/>
        <line num="20" type="stmt" count="4"/>
        <line num="21" type="stmt" count="4"/>
        <line num="25" type="method" name="shouldPublishConfig" visibility="private" complexity="3" crap="3.07" count="5"/>
        <line num="27" type="stmt" count="5"/>
        <line num="28" type="stmt" count="2"/>
        <line num="31" type="stmt" count="3"/>
        <line num="32" type="stmt" count="3"/>
        <line num="35" type="stmt" count="0"/>
        <metrics loc="38" ncloc="38" classes="1" methods="2" coveredmethods="1" conditionals="0" coveredconditionals="0" statements="11" coveredstatements="10" elements="13" coveredelements="11"/>
      </file>
      <file name="/home/arbi/Desktop/hirealoo/notifyre-laravel/src/Commands/PublishNotifyreEnvCommand.php">
        <class name="MagicSystemsIO\Notifyre\Commands\PublishNotifyreEnvCommand" namespace="MagicSystemsIO\Notifyre\Commands">
          <metrics complexity="10" methods="2" coveredmethods="1" conditionals="0" coveredconditionals="0" statements="26" coveredstatements="24" elements="28" coveredelements="25"/>
        </class>
        <line num="36" type="method" name="handle" visibility="public" complexity="5" crap="5.27" count="6"/>
        <line num="38" type="stmt" count="6"/>
        <line num="40" type="stmt" count="6"/>
        <line num="41" type="stmt" count="3"/>
        <line num="43" type="stmt" count="3"/>
        <line num="47" type="stmt" count="3"/>
        <line num="48" type="stmt" count="1"/>
        <line num="51" type="stmt" count="2"/>
        <line num="53" type="stmt" count="0"/>
        <line num="54" type="stmt" count="0"/>
        <line num="61" type="method" name="updateExistingEnvFile" visibility="private" complexity="5" crap="5" count="2"/>
        <line num="63" type="stmt" count="2"/>
        <line num="64" type="stmt" count="2"/>
        <line num="66" type="stmt" count="2"/>
        <line num="67" type="stmt" count="2"/>
        <line num="68" type="stmt" count="1"/>
        <line num="72" type="stmt" count="2"/>
        <line num="73" type="stmt" count="1"/>
        <line num="75" type="stmt" count="1"/>
        <line num="78" type="stmt" count="1"/>
        <line num="79" type="stmt" count="1"/>
        <line num="81" type="stmt" count="1"/>
        <line num="82" type="stmt" count="1"/>
        <line num="83" type="stmt" count="1"/>
        <line num="84" type="stmt" count="1"/>
        <line num="87" type="stmt" count="1"/>
        <line num="88" type="stmt" count="1"/>
        <line num="89" type="stmt" count="1"/>
        <metrics loc="92" ncloc="89" classes="1" methods="2" coveredmethods="1" conditionals="0" coveredconditionals="0" statements="26" coveredstatements="24" elements="28" coveredelements="25"/>
      </file>
    </package>
    <file name="/home/arbi/Desktop/hirealoo/notifyre-laravel/src/Contracts/NotifyreManager.php">
      <metrics loc="16" ncloc="16" classes="0" methods="0" coveredmethods="0" conditionals="0" coveredconditionals="0" statements="0" coveredstatements="0" elements="0" coveredelements="0"/>
    </file>
    <package name="MagicSystemsIO\Notifyre\DTO\SMS">
      <file name="/home/arbi/Desktop/hirealoo/notifyre-laravel/src/DTO/SMS/InvalidNumber.php">
        <class name="MagicSystemsIO\Notifyre\DTO\SMS\InvalidNumber" namespace="MagicSystemsIO\Notifyre\DTO\SMS">
          <metrics complexity="2" methods="2" coveredmethods="2" conditionals="0" coveredconditionals="0" statements="5" coveredstatements="5" elements="7" coveredelements="7"/>
        </class>
        <line num="9" type="method" name="__construct" visibility="public" complexity="1" crap="1" count="7"/>
        <line num="13" type="stmt" count="7"/>
        <line num="15" type="method" name="toArray" visibility="public" complexity="1" crap="1" count="2"/>
        <line num="17" type="stmt" count="2"/>
        <line num="18" type="stmt" count="2"/>
        <line num="19" type="stmt" count="2"/>
        <line num="20" type="stmt" count="2"/>
        <metrics loc="23" ncloc="23" classes="1" methods="2" coveredmethods="2" conditionals="0" coveredconditionals="0" statements="5" coveredstatements="5" elements="7" coveredelements="7"/>
      </file>
      <file name="/home/arbi/Desktop/hirealoo/notifyre-laravel/src/DTO/SMS/Metadata.php">
        <class name="MagicSystemsIO\Notifyre\DTO\SMS\Metadata" namespace="MagicSystemsIO\Notifyre\DTO\SMS">
          <metrics complexity="2" methods="2" coveredmethods="2" conditionals="0" coveredconditionals="0" statements="5" coveredstatements="5" elements="7" coveredelements="7"/>
        </class>
        <line num="9" type="method" name="__construct" visibility="public" complexity="1" crap="1" count="39"/>
        <line num="13" type="stmt" count="39"/>
        <line num="15" type="method" name="toArray" visibility="public" complexity="1" crap="1" count="10"/>
        <line num="17" type="stmt" count="10"/>
        <line num="18" type="stmt" count="10"/>
        <line num="19" type="stmt" count="10"/>
        <line num="20" type="stmt" count="10"/>
        <metrics loc="23" ncloc="23" classes="1" methods="2" coveredmethods="2" conditionals="0" coveredconditionals="0" statements="5" coveredstatements="5" elements="7" coveredelements="7"/>
      </file>
      <file name="/home/arbi/Desktop/hirealoo/notifyre-laravel/src/DTO/SMS/Recipient.php">
        <class name="MagicSystemsIO\Notifyre\DTO\SMS\Recipient" namespace="MagicSystemsIO\Notifyre\DTO\SMS">
          <metrics complexity="7" methods="3" coveredmethods="2" conditionals="0" coveredconditionals="0" statements="14" coveredstatements="13" elements="17" coveredelements="15"/>
        </class>
        <line num="11" type="method" name="__construct" visibility="public" complexity="2" crap="2.15" count="32"/>
        <line num="15" type="stmt" count="32"/>
        <line num="16" type="stmt" count="30"/>
        <line num="17" type="stmt" count="0"/>
        <line num="21" type="method" name="normalizeCountryCode" visibility="private" complexity="4" crap="4" count="32"/>
        <line num="23" type="stmt" count="32"/>
        <line num="24" type="stmt" count="1"/>
        <line num="27" type="stmt" count="31"/>
        <line num="28" type="stmt" count="3"/>
        <line num="29" type="stmt" count="3"/>
        <line num="30" type="stmt" count="2"/>
        <line num="32" type="stmt" count="1"/>
        <line num="36" type="method" name="toArray" visibility="public" complexity="1" crap="1" count="7"/>
        <line num="38" type="stmt" count="7"/>
        <line num="39" type="stmt" count="7"/>
        <line num="40" type="stmt" count="7"/>
        <line num="41" type="stmt" count="7"/>
        <metrics loc="44" ncloc="44" classes="1" methods="3" coveredmethods="2" conditionals="0" coveredconditionals="0" statements="14" coveredstatements="13" elements="17" coveredelements="15"/>
      </file>
      <file name="/home/arbi/Desktop/hirealoo/notifyre-laravel/src/DTO/SMS/RequestBody.php">
        <class name="MagicSystemsIO\Notifyre\DTO\SMS\RequestBody" namespace="MagicSystemsIO\Notifyre\DTO\SMS">
          <metrics complexity="4" methods="2" coveredmethods="2" conditionals="0" coveredconditionals="0" statements="16" coveredstatements="16" elements="18" coveredelements="18"/>
        </class>
        <line num="13" type="method" name="__construct" visibility="public" complexity="3" crap="3" count="25"/>
        <line num="23" type="stmt" count="25"/>
        <line num="24" type="stmt" count="1"/>
        <line num="26" type="stmt" count="24"/>
        <line num="27" type="stmt" count="1"/>
        <line num="31" type="method" name="toArray" visibility="public" complexity="1" crap="1" count="6"/>
        <line num="33" type="stmt" count="6"/>
        <line num="35" type="stmt" count="6"/>
        <line num="36" type="stmt" count="6"/>
        <line num="37" type="stmt" count="6"/>
        <line num="38" type="stmt" count="6"/>
        <line num="39" type="stmt" count="6"/>
        <line num="40" type="stmt" count="6"/>
        <line num="41" type="stmt" count="6"/>
        <line num="42" type="stmt" count="6"/>
        <line num="43" type="stmt" count="6"/>
        <line num="44" type="stmt" count="6"/>
        <line num="46" type="stmt" count="6"/>
        <metrics loc="49" ncloc="46" classes="1" methods="2" coveredmethods="2" conditionals="0" coveredconditionals="0" statements="16" coveredstatements="16" elements="18" coveredelements="18"/>
      </file>
      <file name="/home/arbi/Desktop/hirealoo/notifyre-laravel/src/DTO/SMS/ResponseBody.php">
        <class name="MagicSystemsIO\Notifyre\DTO\SMS\ResponseBody" namespace="MagicSystemsIO\Notifyre\DTO\SMS">
          <metrics complexity="2" methods="2" coveredmethods="2" conditionals="0" coveredconditionals="0" statements="8" coveredstatements="8" elements="10" coveredelements="10"/>
        </class>
        <line num="9" type="method" name="__construct" visibility="public" complexity="1" crap="1" count="28"/>
        <line num="16" type="stmt" count="28"/>
        <line num="18" type="method" name="toArray" visibility="public" complexity="1" crap="1" count="2"/>
        <line num="20" type="stmt" count="2"/>
        <line num="21" type="stmt" count="2"/>
        <line num="22" type="stmt" count="2"/>
        <line num="23" type="stmt" count="2"/>
        <line num="24" type="stmt" count="2"/>
        <line num="25" type="stmt" count="2"/>
        <line num="26" type="stmt" count="2"/>
        <metrics loc="29" ncloc="29" classes="1" methods="2" coveredmethods="2" conditionals="0" coveredconditionals="0" statements="8" coveredstatements="8" elements="10" coveredelements="10"/>
      </file>
      <file name="/home/arbi/Desktop/hirealoo/notifyre-laravel/src/DTO/SMS/ResponsePayload.php">
        <class name="MagicSystemsIO\Notifyre\DTO\SMS\ResponsePayload" namespace="MagicSystemsIO\Notifyre\DTO\SMS">
          <metrics complexity="2" methods="2" coveredmethods="2" conditionals="0" coveredconditionals="0" statements="17" coveredstatements="17" elements="19" coveredelements="19"/>
        </class>
        <line num="13" type="method" name="__construct" visibility="public" complexity="1" crap="1" count="33"/>
        <line num="29" type="stmt" count="33"/>
        <line num="31" type="method" name="toArray" visibility="public" complexity="1" crap="1" count="7"/>
        <line num="33" type="stmt" count="7"/>
        <line num="34" type="stmt" count="7"/>
        <line num="35" type="stmt" count="7"/>
        <line num="36" type="stmt" count="7"/>
        <line num="37" type="stmt" count="7"/>
        <line num="38" type="stmt" count="7"/>
        <line num="39" type="stmt" count="7"/>
        <line num="40" type="stmt" count="7"/>
        <line num="41" type="stmt" count="7"/>
        <line num="42" type="stmt" count="7"/>
        <line num="43" type="stmt" count="7"/>
        <line num="44" type="stmt" count="7"/>
        <line num="45" type="stmt" count="7"/>
        <line num="46" type="stmt" count="7"/>
        <line num="47" type="stmt" count="7"/>
        <line num="48" type="stmt" count="7"/>
        <metrics loc="51" ncloc="47" classes="1" methods="2" coveredmethods="2" conditionals="0" coveredconditionals="0" statements="17" coveredstatements="17" elements="19" coveredelements="19"/>
      </file>
      <file name="/home/arbi/Desktop/hirealoo/notifyre-laravel/src/DTO/SMS/SmsRecipient.php">
        <class name="MagicSystemsIO\Notifyre\DTO\SMS\SmsRecipient" namespace="MagicSystemsIO\Notifyre\DTO\SMS">
          <metrics complexity="2" methods="2" coveredmethods="2" conditionals="0" coveredconditionals="0" statements="15" coveredstatements="15" elements="17" coveredelements="17"/>
        </class>
        <line num="9" type="method" name="__construct" visibility="public" complexity="1" crap="1" count="38"/>
        <line num="23" type="stmt" count="38"/>
        <line num="25" type="method" name="toArray" visibility="public" complexity="1" crap="1" count="8"/>
        <line num="27" type="stmt" count="8"/>
        <line num="28" type="stmt" count="8"/>
        <line num="29" type="stmt" count="8"/>
        <line num="30" type="stmt" count="8"/>
        <line num="31" type="stmt" count="8"/>
        <line num="32" type="stmt" count="8"/>
        <line num="33" type="stmt" count="8"/>
        <line num="34" type="stmt" count="8"/>
        <line num="35" type="stmt" count="8"/>
        <line num="36" type="stmt" count="8"/>
        <line num="37" type="stmt" count="8"/>
        <line num="38" type="stmt" count="8"/>
        <line num="39" type="stmt" count="8"/>
        <line num="40" type="stmt" count="8"/>
        <metrics loc="43" ncloc="43" classes="1" methods="2" coveredmethods="2" conditionals="0" coveredconditionals="0" statements="15" coveredstatements="15" elements="17" coveredelements="17"/>
      </file>
    </package>
    <package name="MagicSystemsIO\Notifyre\Enums">
      <file name="/home/arbi/Desktop/hirealoo/notifyre-laravel/src/Enums/NotifyreDriver.php">
        <class name="MagicSystemsIO\Notifyre\Enums\NotifyreDriver" namespace="MagicSystemsIO\Notifyre\Enums">
          <metrics complexity="2" methods="2" coveredmethods="2" conditionals="0" coveredconditionals="0" statements="2" coveredstatements="2" elements="4" coveredelements="4"/>
        </class>
        <line num="13" type="method" name="values" visibility="public" complexity="1" crap="1" count="7"/>
        <line num="15" type="stmt" count="7"/>
        <line num="21" type="method" name="isValid" visibility="public" complexity="1" crap="1" count="3"/>
        <line num="23" type="stmt" count="3"/>
        <metrics loc="26" ncloc="20" classes="1" methods="2" coveredmethods="2" conditionals="0" coveredconditionals="0" statements="2" coveredstatements="2" elements="4" coveredelements="4"/>
      </file>
      <file name="/home/arbi/Desktop/hirealoo/notifyre-laravel/src/Enums/NotifyreRecipientTypes.php">
        <class name="MagicSystemsIO\Notifyre\Enums\NotifyreRecipientTypes" namespace="MagicSystemsIO\Notifyre\Enums">
          <metrics complexity="2" methods="2" coveredmethods="2" conditionals="0" coveredconditionals="0" statements="2" coveredstatements="2" elements="4" coveredelements="4"/>
        </class>
        <line num="11" type="method" name="values" visibility="public" complexity="1" crap="1" count="50"/>
        <line num="13" type="stmt" count="50"/>
        <line num="16" type="method" name="isValid" visibility="public" complexity="1" crap="1" count="36"/>
        <line num="18" type="stmt" count="36"/>
        <metrics loc="21" ncloc="21" classes="1" methods="2" coveredmethods="2" conditionals="0" coveredconditionals="0" statements="2" coveredstatements="2" elements="4" coveredelements="4"/>
      </file>
    </package>
    <package name="MagicSystemsIO\Notifyre\Facades">
      <file name="/home/arbi/Desktop/hirealoo/notifyre-laravel/src/Facades/Notifyre.php">
        <class name="MagicSystemsIO\Notifyre\Facades\Notifyre" namespace="MagicSystemsIO\Notifyre\Facades">
          <metrics complexity="3" methods="2" coveredmethods="2" conditionals="0" coveredconditionals="0" statements="5" coveredstatements="5" elements="7" coveredelements="7"/>
        </class>
        <line num="22" type="method" name="__callStatic" visibility="public" complexity="2" crap="2" count="4"/>
        <line num="24" type="stmt" count="4"/>
        <line num="26" type="stmt" count="4"/>
        <line num="27" type="stmt" count="1"/>
        <line num="30" type="stmt" count="3"/>
        <line num="33" type="method" name="getFacadeAccessor" visibility="protected" complexity="1" crap="1" count="4"/>
        <line num="35" type="stmt" count="4"/>
        <metrics loc="38" ncloc="28" classes="1" methods="2" coveredmethods="2" conditionals="0" coveredconditionals="0" statements="5" coveredstatements="5" elements="7" coveredelements="7"/>
      </file>
    </package>
    <package name="MagicSystemsIO\Notifyre\Http\Controllers">
      <file name="/home/arbi/Desktop/hirealoo/notifyre-laravel/src/Http/Controllers/Controller.php">
        <class name="MagicSystemsIO\Notifyre\Http\Controllers\Controller" namespace="MagicSystemsIO\Notifyre\Http\Controllers">
          <metrics complexity="1" methods="1" coveredmethods="1" conditionals="0" coveredconditionals="0" statements="25" coveredstatements="25" elements="26" coveredelements="26"/>
        </class>
        <line num="13" type="method" name="paginate" visibility="protected" complexity="1" crap="1" count="3"/>
        <line num="15" type="stmt" count="3"/>
        <line num="16" type="stmt" count="3"/>
        <line num="17" type="stmt" count="3"/>
        <line num="19" type="stmt" count="3"/>
        <line num="20" type="stmt" count="3"/>
        <line num="21" type="stmt" count="3"/>
        <line num="22" type="stmt" count="3"/>
        <line num="23" type="stmt" count="3"/>
        <line num="24" type="stmt" count="3"/>
        <line num="25" type="stmt" count="3"/>
        <line num="27" type="stmt" count="3"/>
        <line num="28" type="stmt" count="3"/>
        <line num="29" type="stmt" count="3"/>
        <line num="30" type="stmt" count="3"/>
        <line num="31" type="stmt" count="3"/>
        <line num="32" type="stmt" count="3"/>
        <line num="33" type="stmt" count="3"/>
        <line num="34" type="stmt" count="3"/>
        <line num="35" type="stmt" count="3"/>
        <line num="36" type="stmt" count="3"/>
        <line num="37" type="stmt" count="3"/>
        <line num="38" type="stmt" count="3"/>
        <line num="39" type="stmt" count="3"/>
        <line num="40" type="stmt" count="3"/>
        <line num="41" type="stmt" count="3"/>
        <metrics loc="44" ncloc="41" classes="1" methods="1" coveredmethods="1" conditionals="0" coveredconditionals="0" statements="25" coveredstatements="25" elements="26" coveredelements="26"/>
      </file>
      <file name="/home/arbi/Desktop/hirealoo/notifyre-laravel/src/Http/Controllers/NotifyreSmsController.php">
        <class name="MagicSystemsIO\Notifyre\Http\Controllers\NotifyreSmsController" namespace="MagicSystemsIO\Notifyre\Http\Controllers">
          <metrics complexity="23" methods="10" coveredmethods="4" conditionals="0" coveredconditionals="0" statements="82" coveredstatements="70" elements="92" coveredelements="74"/>
        </class>
        <line num="22" type="method" name="indexMessages" visibility="public" complexity="3" crap="3.07" count="1"/>
        <line num="24" type="stmt" count="1"/>
        <line num="25" type="stmt" count="1"/>
        <line num="26" type="stmt" count="0"/>
        <line num="29" type="stmt" count="1"/>
        <line num="31" type="stmt" count="1"/>
        <line num="34" type="method" name="sendMessage" visibility="public" complexity="2" crap="2" count="2"/>
        <line num="37" type="stmt" count="2"/>
        <line num="39" type="stmt" count="1"/>
        <line num="40" type="stmt" count="1"/>
        <line num="41" type="stmt" count="1"/>
        <line num="45" type="method" name="buildMessageData" visibility="private" complexity="1" crap="1" count="2"/>
        <line num="47" type="stmt" count="2"/>
        <line num="48" type="stmt" count="2"/>
        <line num="49" type="stmt" count="2"/>
        <line num="50" type="stmt" count="2"/>
        <line num="52" type="stmt" count="2"/>
        <line num="53" type="stmt" count="2"/>
        <line num="54" type="stmt" count="2"/>
        <line num="55" type="stmt" count="2"/>
        <line num="56" type="stmt" count="2"/>
        <line num="59" type="method" name="showMessage" visibility="public" complexity="2" crap="2" count="2"/>
        <line num="61" type="stmt" count="2"/>
        <line num="62" type="stmt" count="1"/>
        <line num="65" type="stmt" count="1"/>
        <line num="68" type="method" name="showMessagesSentToRecipient" visibility="public" complexity="2" crap="2.15" count="1"/>
        <line num="70" type="stmt" count="1"/>
        <line num="71" type="stmt" count="0"/>
        <line num="74" type="stmt" count="1"/>
        <line num="77" type="method" name="getFromNotifyre" visibility="public" complexity="2" crap="2.50" count="1"/>
        <line num="80" type="stmt" count="1"/>
        <line num="82" type="stmt" count="1"/>
        <line num="83" type="stmt" count="0"/>
        <line num="84" type="stmt" count="0"/>
        <line num="88" type="method" name="indexFromNotifyre" visibility="public" complexity="2" crap="2.50" count="1"/>
        <line num="91" type="stmt" count="1"/>
        <line num="93" type="stmt" count="1"/>
        <line num="94" type="stmt" count="0"/>
        <line num="95" type="stmt" count="0"/>
        <line num="99" type="method" name="handleWebhook" visibility="public" complexity="4" crap="4.49" count="1"/>
        <line num="102" type="stmt" count="1"/>
        <line num="103" type="stmt" count="1"/>
        <line num="105" type="stmt" count="1"/>
        <line num="106" type="stmt" count="1"/>
        <line num="107" type="stmt" count="1"/>
        <line num="109" type="stmt" count="1"/>
        <line num="110" type="stmt" count="0"/>
        <line num="112" type="stmt" count="0"/>
        <line num="115" type="stmt" count="1"/>
        <line num="116" type="stmt" count="1"/>
        <line num="117" type="stmt" count="1"/>
        <line num="118" type="stmt" count="1"/>
        <line num="120" type="stmt" count="1"/>
        <line num="123" type="stmt" count="0"/>
        <line num="125" type="stmt" count="0"/>
        <line num="126" type="stmt" count="0"/>
        <line num="134" type="method" name="updateRecipientIdentStatus" visibility="private" complexity="3" crap="3" count="1"/>
        <line num="136" type="stmt" count="1"/>
        <line num="138" type="stmt" count="1"/>
        <line num="139" type="stmt" count="1"/>
        <line num="140" type="stmt" count="0"/>
        <line num="143" type="stmt" count="1"/>
        <line num="144" type="stmt" count="1"/>
        <line num="145" type="stmt" count="1"/>
        <line num="146" type="stmt" count="1"/>
        <line num="147" type="stmt" count="1"/>
        <line num="148" type="stmt" count="1"/>
        <line num="149" type="stmt" count="1"/>
        <line num="151" type="stmt" count="1"/>
        <line num="152" type="stmt" count="1"/>
        <line num="153" type="stmt" count="1"/>
        <line num="154" type="stmt" count="1"/>
        <line num="155" type="stmt" count="1"/>
        <line num="156" type="stmt" count="1"/>
        <line num="158" type="stmt" count="1"/>
        <line num="159" type="stmt" count="1"/>
        <line num="160" type="stmt" count="1"/>
        <line num="164" type="method" name="updateRecipientSentStatus" visibility="private" complexity="2" crap="2" count="1"/>
        <line num="166" type="stmt" count="1"/>
        <line num="168" type="stmt" count="1"/>
        <line num="170" type="stmt" count="1"/>
        <line num="171" type="stmt" count="1"/>
        <line num="172" type="stmt" count="1"/>
        <line num="173" type="stmt" count="1"/>
        <line num="174" type="stmt" count="1"/>
        <line num="175" type="stmt" count="1"/>
        <line num="176" type="stmt" count="1"/>
        <line num="178" type="stmt" count="1"/>
        <line num="179" type="stmt" count="1"/>
        <line num="180" type="stmt" count="1"/>
        <line num="181" type="stmt" count="1"/>
        <line num="182" type="stmt" count="1"/>
        <metrics loc="185" ncloc="181" classes="1" methods="10" coveredmethods="4" conditionals="0" coveredconditionals="0" statements="82" coveredstatements="70" elements="92" coveredelements="74"/>
      </file>
    </package>
    <package name="MagicSystemsIO\Notifyre\Http\Middlewares">
      <file name="/home/arbi/Desktop/hirealoo/notifyre-laravel/src/Http/Middlewares/EnsureDatabaseIsEnabledMiddleware.php">
        <class name="MagicSystemsIO\Notifyre\Http\Middlewares\EnsureDatabaseIsEnabledMiddleware" namespace="MagicSystemsIO\Notifyre\Http\Middlewares">
          <metrics complexity="1" methods="1" coveredmethods="1" conditionals="0" coveredconditionals="0" statements="2" coveredstatements="2" elements="3" coveredelements="3"/>
        </class>
        <line num="10" type="method" name="handle" visibility="public" complexity="1" crap="1" count="5"/>
        <line num="12" type="stmt" count="5"/>
        <line num="14" type="stmt" count="3"/>
        <metrics loc="17" ncloc="17" classes="1" methods="1" coveredmethods="1" conditionals="0" coveredconditionals="0" statements="2" coveredstatements="2" elements="3" coveredelements="3"/>
      </file>
    </package>
    <package name="MagicSystemsIO\Notifyre\Http\Requests">
      <file name="/home/arbi/Desktop/hirealoo/notifyre-laravel/src/Http/Requests/NotifyreSmsCallbackRequest.php">
        <class name="MagicSystemsIO\Notifyre\Http\Requests\NotifyreSmsCallbackRequest" namespace="MagicSystemsIO\Notifyre\Http\Requests">
          <metrics complexity="3" methods="3" coveredmethods="3" conditionals="0" coveredconditionals="0" statements="88" coveredstatements="88" elements="91" coveredelements="91"/>
        </class>
        <line num="17" type="method" name="authorize" visibility="public" complexity="1" crap="1" count="2"/>
        <line num="19" type="stmt" count="2"/>
        <line num="25" type="method" name="rules" visibility="public" complexity="1" crap="1" count="2"/>
        <line num="27" type="stmt" count="2"/>
        <line num="28" type="stmt" count="2"/>
        <line num="29" type="stmt" count="2"/>
        <line num="30" type="stmt" count="2"/>
        <line num="31" type="stmt" count="2"/>
        <line num="32" type="stmt" count="2"/>
        <line num="33" type="stmt" count="2"/>
        <line num="34" type="stmt" count="2"/>
        <line num="35" type="stmt" count="2"/>
        <line num="36" type="stmt" count="2"/>
        <line num="37" type="stmt" count="2"/>
        <line num="38" type="stmt" count="2"/>
        <line num="39" type="stmt" count="2"/>
        <line num="40" type="stmt" count="2"/>
        <line num="41" type="stmt" count="2"/>
        <line num="42" type="stmt" count="2"/>
        <line num="43" type="stmt" count="2"/>
        <line num="44" type="stmt" count="2"/>
        <line num="45" type="stmt" count="2"/>
        <line num="46" type="stmt" count="2"/>
        <line num="47" type="stmt" count="2"/>
        <line num="48" type="stmt" count="2"/>
        <line num="49" type="stmt" count="2"/>
        <line num="50" type="stmt" count="2"/>
        <line num="51" type="stmt" count="2"/>
        <line num="52" type="stmt" count="2"/>
        <line num="53" type="stmt" count="2"/>
        <line num="54" type="stmt" count="2"/>
        <line num="55" type="stmt" count="2"/>
        <line num="56" type="stmt" count="2"/>
        <line num="57" type="stmt" count="2"/>
        <line num="58" type="stmt" count="2"/>
        <line num="59" type="stmt" count="2"/>
        <line num="60" type="stmt" count="2"/>
        <line num="61" type="stmt" count="2"/>
        <line num="62" type="stmt" count="2"/>
        <line num="63" type="stmt" count="2"/>
        <line num="69" type="method" name="toResponseBody" visibility="public" complexity="1" crap="1" count="1"/>
        <line num="71" type="stmt" count="1"/>
        <line num="73" type="stmt" count="1"/>
        <line num="74" type="stmt" count="1"/>
        <line num="75" type="stmt" count="1"/>
        <line num="76" type="stmt" count="1"/>
        <line num="77" type="stmt" count="1"/>
        <line num="78" type="stmt" count="1"/>
        <line num="79" type="stmt" count="1"/>
        <line num="80" type="stmt" count="1"/>
        <line num="81" type="stmt" count="1"/>
        <line num="82" type="stmt" count="1"/>
        <line num="83" type="stmt" count="1"/>
        <line num="84" type="stmt" count="1"/>
        <line num="85" type="stmt" count="1"/>
        <line num="86" type="stmt" count="1"/>
        <line num="87" type="stmt" count="1"/>
        <line num="88" type="stmt" count="1"/>
        <line num="90" type="stmt" count="1"/>
        <line num="91" type="stmt" count="1"/>
        <line num="92" type="stmt" count="1"/>
        <line num="93" type="stmt" count="1"/>
        <line num="94" type="stmt" count="1"/>
        <line num="95" type="stmt" count="1"/>
        <line num="97" type="stmt" count="1"/>
        <line num="98" type="stmt" count="1"/>
        <line num="99" type="stmt" count="1"/>
        <line num="100" type="stmt" count="1"/>
        <line num="102" type="stmt" count="1"/>
        <line num="103" type="stmt" count="1"/>
        <line num="104" type="stmt" count="1"/>
        <line num="105" type="stmt" count="1"/>
        <line num="106" type="stmt" count="1"/>
        <line num="107" type="stmt" count="1"/>
        <line num="108" type="stmt" count="1"/>
        <line num="109" type="stmt" count="1"/>
        <line num="110" type="stmt" count="1"/>
        <line num="111" type="stmt" count="1"/>
        <line num="112" type="stmt" count="1"/>
        <line num="113" type="stmt" count="1"/>
        <line num="114" type="stmt" count="1"/>
        <line num="115" type="stmt" count="1"/>
        <line num="116" type="stmt" count="1"/>
        <line num="117" type="stmt" count="1"/>
        <line num="119" type="stmt" count="1"/>
        <line num="120" type="stmt" count="1"/>
        <line num="121" type="stmt" count="1"/>
        <line num="122" type="stmt" count="1"/>
        <line num="123" type="stmt" count="1"/>
        <line num="124" type="stmt" count="1"/>
        <line num="125" type="stmt" count="1"/>
        <metrics loc="128" ncloc="119" classes="1" methods="3" coveredmethods="3" conditionals="0" coveredconditionals="0" statements="88" coveredstatements="88" elements="91" coveredelements="91"/>
      </file>
      <file name="/home/arbi/Desktop/hirealoo/notifyre-laravel/src/Http/Requests/NotifyreSmsMessagesRequest.php">
        <class name="MagicSystemsIO\Notifyre\Http\Requests\NotifyreSmsMessagesRequest" namespace="MagicSystemsIO\Notifyre\Http\Requests">
          <metrics complexity="2" methods="2" coveredmethods="2" conditionals="0" coveredconditionals="0" statements="10" coveredstatements="10" elements="12" coveredelements="12"/>
        </class>
        <line num="11" type="method" name="rules" visibility="public" complexity="1" crap="1" count="7"/>
        <line num="13" type="stmt" count="7"/>
        <line num="14" type="stmt" count="7"/>
        <line num="15" type="stmt" count="7"/>
        <line num="16" type="stmt" count="7"/>
        <line num="17" type="stmt" count="7"/>
        <line num="18" type="stmt" count="7"/>
        <line num="19" type="stmt" count="7"/>
        <line num="20" type="stmt" count="7"/>
        <line num="21" type="stmt" count="7"/>
        <line num="24" type="method" name="authorize" visibility="public" complexity="1" crap="1" count="7"/>
        <line num="26" type="stmt" count="7"/>
        <metrics loc="29" ncloc="29" classes="1" methods="2" coveredmethods="2" conditionals="0" coveredconditionals="0" statements="10" coveredstatements="10" elements="12" coveredelements="12"/>
      </file>
    </package>
    <package name="MagicSystemsIO\Notifyre\Models\JunctionTables">
      <file name="/home/arbi/Desktop/hirealoo/notifyre-laravel/src/Models/JunctionTables/NotifyreSmsMessageRecipient.php">
        <class name="MagicSystemsIO\Notifyre\Models\JunctionTables\NotifyreSmsMessageRecipient" namespace="MagicSystemsIO\Notifyre\Models\JunctionTables">
          <metrics complexity="1" methods="1" coveredmethods="1" conditionals="0" coveredconditionals="0" statements="1" coveredstatements="1" elements="2" coveredelements="2"/>
        </class>
        <line num="31" type="method" name="newFactory" visibility="protected" complexity="1" crap="1" count="5"/>
        <line num="33" type="stmt" count="5"/>
        <metrics loc="36" ncloc="36" classes="1" methods="1" coveredmethods="1" conditionals="0" coveredconditionals="0" statements="1" coveredstatements="1" elements="2" coveredelements="2"/>
      </file>
    </package>
    <package name="MagicSystemsIO\Notifyre\Models">
      <file name="/home/arbi/Desktop/hirealoo/notifyre-laravel/src/Models/NotifyreRecipients.php">
        <class name="MagicSystemsIO\Notifyre\Models\NotifyreRecipients" namespace="MagicSystemsIO\Notifyre\Models">
          <metrics complexity="2" methods="2" coveredmethods="2" conditionals="0" coveredconditionals="0" statements="7" coveredstatements="7" elements="9" coveredelements="9"/>
        </class>
        <line num="37" type="method" name="smsMessages" visibility="public" complexity="1" crap="1" count="2"/>
        <line num="39" type="stmt" count="2"/>
        <line num="40" type="stmt" count="2"/>
        <line num="41" type="stmt" count="2"/>
        <line num="42" type="stmt" count="2"/>
        <line num="43" type="stmt" count="2"/>
        <line num="44" type="stmt" count="2"/>
        <line num="47" type="method" name="newFactory" visibility="protected" complexity="1" crap="1" count="12"/>
        <line num="49" type="stmt" count="12"/>
        <metrics loc="52" ncloc="52" classes="1" methods="2" coveredmethods="2" conditionals="0" coveredconditionals="0" statements="7" coveredstatements="7" elements="9" coveredelements="9"/>
      </file>
      <file name="/home/arbi/Desktop/hirealoo/notifyre-laravel/src/Models/NotifyreSmsMessages.php">
        <class name="MagicSystemsIO\Notifyre\Models\NotifyreSmsMessages" namespace="MagicSystemsIO\Notifyre\Models">
          <metrics complexity="2" methods="2" coveredmethods="2" conditionals="0" coveredconditionals="0" statements="7" coveredstatements="7" elements="9" coveredelements="9"/>
        </class>
        <line num="37" type="method" name="recipients" visibility="public" complexity="1" crap="1" count="4"/>
        <line num="39" type="stmt" count="4"/>
        <line num="40" type="stmt" count="4"/>
        <line num="41" type="stmt" count="4"/>
        <line num="42" type="stmt" count="4"/>
        <line num="43" type="stmt" count="4"/>
        <line num="44" type="stmt" count="4"/>
        <line num="47" type="method" name="newFactory" visibility="protected" complexity="1" crap="1" count="13"/>
        <line num="49" type="stmt" count="13"/>
        <metrics loc="52" ncloc="52" classes="1" methods="2" coveredmethods="2" conditionals="0" coveredconditionals="0" statements="7" coveredstatements="7" elements="9" coveredelements="9"/>
      </file>
    </package>
    <package name="MagicSystemsIO\Notifyre\Providers">
      <file name="/home/arbi/Desktop/hirealoo/notifyre-laravel/src/Providers/CommandServiceProvider.php">
        <class name="MagicSystemsIO\Notifyre\Providers\CommandServiceProvider" namespace="MagicSystemsIO\Notifyre\Providers">
          <metrics complexity="3" methods="2" coveredmethods="2" conditionals="0" coveredconditionals="0" statements="14" coveredstatements="14" elements="16" coveredelements="16"/>
        </class>
        <line num="14" type="method" name="register" visibility="public" complexity="1" crap="1" count="167"/>
        <line num="16" type="stmt" count="167"/>
        <line num="17" type="stmt" count="52"/>
        <line num="18" type="stmt" count="167"/>
        <line num="20" type="stmt" count="167"/>
        <line num="21" type="stmt" count="52"/>
        <line num="22" type="stmt" count="167"/>
        <line num="25" type="method" name="boot" visibility="public" complexity="2" crap="2" count="167"/>
        <line num="27" type="stmt" count="167"/>
        <line num="28" type="stmt" count="167"/>
        <line num="29" type="stmt" count="167"/>
        <line num="30" type="stmt" count="167"/>
        <line num="31" type="stmt" count="167"/>
        <line num="32" type="stmt" count="167"/>
        <line num="33" type="stmt" count="167"/>
        <line num="34" type="stmt" count="167"/>
        <metrics loc="38" ncloc="38" classes="1" methods="2" coveredmethods="2" conditionals="0" coveredconditionals="0" statements="14" coveredstatements="14" elements="16" coveredelements="16"/>
      </file>
      <file name="/home/arbi/Desktop/hirealoo/notifyre-laravel/src/Providers/ConfigurationServiceProvider.php">
        <class name="MagicSystemsIO\Notifyre\Providers\ConfigurationServiceProvider" namespace="MagicSystemsIO\Notifyre\Providers">
          <metrics complexity="1" methods="1" coveredmethods="1" conditionals="0" coveredconditionals="0" statements="1" coveredstatements="1" elements="2" coveredelements="2"/>
        </class>
        <line num="13" type="method" name="register" visibility="public" complexity="1" crap="1" count="167"/>
        <line num="15" type="stmt" count="167"/>
        <metrics loc="18" ncloc="18" classes="1" methods="1" coveredmethods="1" conditionals="0" coveredconditionals="0" statements="1" coveredstatements="1" elements="2" coveredelements="2"/>
      </file>
      <file name="/home/arbi/Desktop/hirealoo/notifyre-laravel/src/Providers/MigrationServiceProvider.php">
        <class name="MagicSystemsIO\Notifyre\Providers\MigrationServiceProvider" namespace="MagicSystemsIO\Notifyre\Providers">
          <metrics complexity="2" methods="1" coveredmethods="1" conditionals="0" coveredconditionals="0" statements="3" coveredstatements="3" elements="4" coveredelements="4"/>
        </class>
        <line num="9" type="method" name="boot" visibility="public" complexity="2" crap="2" count="167"/>
        <line num="11" type="stmt" count="167"/>
        <line num="12" type="stmt" count="1"/>
        <line num="15" type="stmt" count="167"/>
        <metrics loc="18" ncloc="18" classes="1" methods="1" coveredmethods="1" conditionals="0" coveredconditionals="0" statements="3" coveredstatements="3" elements="4" coveredelements="4"/>
      </file>
      <file name="/home/arbi/Desktop/hirealoo/notifyre-laravel/src/Providers/NotifyreLoggingServiceProvider.php">
        <class name="MagicSystemsIO\Notifyre\Providers\NotifyreLoggingServiceProvider" namespace="MagicSystemsIO\Notifyre\Providers">
          <metrics complexity="2" methods="2" coveredmethods="1" conditionals="0" coveredconditionals="0" statements="6" coveredstatements="5" elements="8" coveredelements="6"/>
        </class>
        <line num="14" type="method" name="register" visibility="public" complexity="1" crap="1" count="167"/>
        <line num="16" type="stmt" count="167"/>
        <line num="17" type="stmt" count="2"/>
        <line num="18" type="stmt" count="167"/>
        <line num="21" type="method" name="boot" visibility="public" complexity="1" crap="1.04" count="167"/>
        <line num="23" type="stmt" count="167"/>
        <line num="24" type="stmt" count="0"/>
        <line num="25" type="stmt" count="167"/>
        <metrics loc="28" ncloc="25" classes="1" methods="2" coveredmethods="1" conditionals="0" coveredconditionals="0" statements="6" coveredstatements="5" elements="8" coveredelements="6"/>
      </file>
      <file name="/home/arbi/Desktop/hirealoo/notifyre-laravel/src/Providers/NotifyreServiceProvider.php">
        <class name="MagicSystemsIO\Notifyre\Providers\NotifyreServiceProvider" namespace="MagicSystemsIO\Notifyre\Providers">
          <metrics complexity="3" methods="2" coveredmethods="2" conditionals="0" coveredconditionals="0" statements="17" coveredstatements="17" elements="19" coveredelements="19"/>
        </class>
        <line num="9" type="method" name="register" visibility="public" complexity="1" crap="1" count="167"/>
        <line num="11" type="stmt" count="167"/>
        <line num="12" type="stmt" count="167"/>
        <line num="13" type="stmt" count="167"/>
        <line num="14" type="stmt" count="167"/>
        <line num="15" type="stmt" count="167"/>
        <line num="16" type="stmt" count="167"/>
        <line num="19" type="method" name="boot" visibility="public" complexity="2" crap="2" count="167"/>
        <line num="21" type="stmt" count="167"/>
        <line num="22" type="stmt" count="167"/>
        <line num="23" type="stmt" count="167"/>
        <line num="24" type="stmt" count="167"/>
        <line num="26" type="stmt" count="167"/>
        <line num="27" type="stmt" count="167"/>
        <line num="28" type="stmt" count="167"/>
        <line num="30" type="stmt" count="167"/>
        <line num="31" type="stmt" count="167"/>
        <line num="32" type="stmt" count="167"/>
        <line num="33" type="stmt" count="167"/>
        <metrics loc="37" ncloc="37" classes="1" methods="2" coveredmethods="2" conditionals="0" coveredconditionals="0" statements="17" coveredstatements="17" elements="19" coveredelements="19"/>
      </file>
      <file name="/home/arbi/Desktop/hirealoo/notifyre-laravel/src/Providers/RouteServiceProvider.php">
        <class name="MagicSystemsIO\Notifyre\Providers\RouteServiceProvider" namespace="MagicSystemsIO\Notifyre\Providers">
          <metrics complexity="4" methods="2" coveredmethods="1" conditionals="0" coveredconditionals="0" statements="16" coveredstatements="15" elements="18" coveredelements="16"/>
        </class>
        <line num="10" type="method" name="boot" visibility="public" complexity="2" crap="2" count="167"/>
        <line num="12" type="stmt" count="167"/>
        <line num="13" type="stmt" count="1"/>
        <line num="16" type="stmt" count="167"/>
        <line num="17" type="stmt" count="167"/>
        <line num="18" type="stmt" count="167"/>
        <line num="19" type="stmt" count="167"/>
        <line num="21" type="stmt" count="167"/>
        <line num="22" type="stmt" count="167"/>
        <line num="23" type="stmt" count="167"/>
        <line num="24" type="stmt" count="167"/>
        <line num="25" type="stmt" count="167"/>
        <line num="26" type="stmt" count="167"/>
        <line num="27" type="stmt" count="167"/>
        <line num="30" type="method" name="createRateLimiters" visibility="private" complexity="2" crap="2.15" count="167"/>
        <line num="32" type="stmt" count="167"/>
        <line num="33" type="stmt" count="0"/>
        <line num="36" type="stmt" count="167"/>
        <metrics loc="39" ncloc="39" classes="1" methods="2" coveredmethods="1" conditionals="0" coveredconditionals="0" statements="16" coveredstatements="15" elements="18" coveredelements="16"/>
      </file>
      <file name="/home/arbi/Desktop/hirealoo/notifyre-laravel/src/Providers/ServicesServiceProvider.php">
        <class name="MagicSystemsIO\Notifyre\Providers\ServicesServiceProvider" namespace="MagicSystemsIO\Notifyre\Providers">
          <metrics complexity="0" methods="0" coveredmethods="0" conditionals="0" coveredconditionals="0" statements="0" coveredstatements="0" elements="0" coveredelements="0"/>
        </class>
        <metrics loc="15" ncloc="15" classes="0" methods="0" coveredmethods="0" conditionals="0" coveredconditionals="0" statements="0" coveredstatements="0" elements="0" coveredelements="0"/>
      </file>
    </package>
    <package name="MagicSystemsIO\Notifyre\Services\Drivers">
      <file name="/home/arbi/Desktop/hirealoo/notifyre-laravel/src/Services/Drivers/SmsDriver.php">
        <class name="MagicSystemsIO\Notifyre\Services\Drivers\SmsDriver" namespace="MagicSystemsIO\Notifyre\Services\Drivers">
          <metrics complexity="3" methods="3" coveredmethods="3" conditionals="0" coveredconditionals="0" statements="13" coveredstatements="13" elements="16" coveredelements="16"/>
        </class>
        <line num="19" type="method" name="send" visibility="public" complexity="1" crap="1" count="2"/>
        <line num="21" type="stmt" count="2"/>
        <line num="23" type="stmt" count="1"/>
        <line num="31" type="method" name="get" visibility="public" complexity="1" crap="1" count="1"/>
        <line num="33" type="stmt" count="1"/>
        <line num="35" type="stmt" count="1"/>
        <line num="46" type="method" name="list" visibility="public" complexity="1" crap="1" count="1"/>
        <line num="48" type="stmt" count="1"/>
        <line num="49" type="stmt" count="1"/>
        <line num="50" type="stmt" count="1"/>
        <line num="51" type="stmt" count="1"/>
        <line num="52" type="stmt" count="1"/>
        <line num="53" type="stmt" count="1"/>
        <line num="55" type="stmt" count="1"/>
        <line num="56" type="stmt" count="1"/>
        <line num="58" type="stmt" count="1"/>
        <metrics loc="61" ncloc="43" classes="1" methods="3" coveredmethods="3" conditionals="0" coveredconditionals="0" statements="13" coveredstatements="13" elements="16" coveredelements="16"/>
      </file>
    </package>
    <package name="MagicSystemsIO\Notifyre\Services">
      <file name="/home/arbi/Desktop/hirealoo/notifyre-laravel/src/Services/NotifyreLogger.php">
        <class name="MagicSystemsIO\Notifyre\Services\NotifyreLogger" namespace="MagicSystemsIO\Notifyre\Services">
          <metrics complexity="19" methods="10" coveredmethods="3" conditionals="0" coveredconditionals="0" statements="53" coveredstatements="44" elements="63" coveredelements="47"/>
        </class>
        <line num="22" type="method" name="info" visibility="public" complexity="1" crap="1" count="2"/>
        <line num="24" type="stmt" count="2"/>
        <line num="30" type="method" name="log" visibility="public" complexity="3" crap="3.03" count="2"/>
        <line num="32" type="stmt" count="2"/>
        <line num="33" type="stmt" count="1"/>
        <line num="36" type="stmt" count="1"/>
        <line num="38" type="stmt" count="1"/>
        <line num="40" type="stmt" count="1"/>
        <line num="41" type="stmt" count="1"/>
        <line num="43" type="stmt" count="0"/>
        <line num="50" type="method" name="initialize" visibility="private" complexity="2" crap="2.03" count="3"/>
        <line num="52" type="stmt" count="3"/>
        <line num="53" type="stmt" count="0"/>
        <line num="56" type="stmt" count="3"/>
        <line num="57" type="stmt" count="3"/>
        <line num="58" type="stmt" count="3"/>
        <line num="64" type="method" name="setupCustomChannel" visibility="private" complexity="4" crap="4.00" count="3"/>
        <line num="66" type="stmt" count="3"/>
        <line num="67" type="stmt" count="3"/>
        <line num="69" type="stmt" count="3"/>
        <line num="71" type="stmt" count="3"/>
        <line num="72" type="stmt" count="3"/>
        <line num="74" type="stmt" count="3"/>
        <line num="75" type="stmt" count="3"/>
        <line num="78" type="stmt" count="3"/>
        <line num="79" type="stmt" count="3"/>
        <line num="80" type="stmt" count="3"/>
        <line num="81" type="stmt" count="3"/>
        <line num="82" type="stmt" count="3"/>
        <line num="84" type="stmt" count="3"/>
        <line num="85" type="stmt" count="0"/>
        <line num="88" type="stmt" count="3"/>
        <line num="95" type="method" name="formatMessage" visibility="private" complexity="1" crap="1" count="1"/>
        <line num="97" type="stmt" count="1"/>
        <line num="103" type="method" name="warning" visibility="public" complexity="1" crap="2" count="0"/>
        <line num="105" type="stmt" count="0"/>
        <line num="111" type="method" name="error" visibility="public" complexity="1" crap="2" count="0"/>
        <line num="113" type="stmt" count="0"/>
        <line num="119" type="method" name="debug" visibility="public" complexity="1" crap="2" count="0"/>
        <line num="121" type="stmt" count="0"/>
        <line num="127" type="method" name="getPrefix" visibility="public" complexity="1" crap="1" count="2"/>
        <line num="129" type="stmt" count="2"/>
        <line num="131" type="stmt" count="2"/>
        <line num="137" type="method" name="__invoke" visibility="public" complexity="4" crap="4.06" count="2"/>
        <line num="139" type="stmt" count="2"/>
        <line num="141" type="stmt" count="2"/>
        <line num="142" type="stmt" count="0"/>
        <line num="145" type="stmt" count="2"/>
        <line num="146" type="stmt" count="2"/>
        <line num="148" type="stmt" count="2"/>
        <line num="149" type="stmt" count="2"/>
        <line num="150" type="stmt" count="2"/>
        <line num="152" type="stmt" count="2"/>
        <line num="153" type="stmt" count="2"/>
        <line num="156" type="stmt" count="2"/>
        <line num="157" type="stmt" count="0"/>
        <line num="158" type="stmt" count="0"/>
        <line num="160" type="stmt" count="2"/>
        <line num="163" type="stmt" count="2"/>
        <line num="164" type="stmt" count="2"/>
        <line num="165" type="stmt" count="2"/>
        <line num="167" type="stmt" count="2"/>
        <line num="169" type="stmt" count="2"/>
        <metrics loc="172" ncloc="142" classes="1" methods="10" coveredmethods="3" conditionals="0" coveredconditionals="0" statements="53" coveredstatements="44" elements="63" coveredelements="47"/>
      </file>
      <file name="/home/arbi/Desktop/hirealoo/notifyre-laravel/src/Services/NotifyreMessagePersister.php">
        <class name="MagicSystemsIO\Notifyre\Services\NotifyreMessagePersister" namespace="MagicSystemsIO\Notifyre\Services">
          <metrics complexity="7" methods="4" coveredmethods="1" conditionals="0" coveredconditionals="0" statements="53" coveredstatements="44" elements="57" coveredelements="45"/>
        </class>
        <line num="22" type="method" name="persist" visibility="public" complexity="1" crap="1" count="3"/>
        <line num="24" type="stmt" count="3"/>
        <line num="25" type="stmt" count="3"/>
        <line num="26" type="stmt" count="2"/>
        <line num="27" type="stmt" count="2"/>
        <line num="28" type="stmt" count="3"/>
        <line num="31" type="method" name="createSmsMessage" visibility="private" complexity="2" crap="2.01" count="3"/>
        <line num="33" type="stmt" count="3"/>
        <line num="34" type="stmt" count="3"/>
        <line num="35" type="stmt" count="3"/>
        <line num="36" type="stmt" count="3"/>
        <line num="37" type="stmt" count="3"/>
        <line num="38" type="stmt" count="3"/>
        <line num="40" type="stmt" count="2"/>
        <line num="41" type="stmt" count="0"/>
        <line num="44" type="stmt" count="2"/>
        <line num="50" type="method" name="createRecipients" visibility="private" complexity="2" crap="2.03" count="2"/>
        <line num="52" type="stmt" count="2"/>
        <line num="54" type="stmt" count="2"/>
        <line num="55" type="stmt" count="2"/>
        <line num="56" type="stmt" count="2"/>
        <line num="57" type="stmt" count="2"/>
        <line num="58" type="stmt" count="2"/>
        <line num="59" type="stmt" count="2"/>
        <line num="60" type="stmt" count="2"/>
        <line num="61" type="stmt" count="2"/>
        <line num="63" type="stmt" count="2"/>
        <line num="64" type="stmt" count="2"/>
        <line num="65" type="stmt" count="2"/>
        <line num="66" type="stmt" count="2"/>
        <line num="67" type="stmt" count="2"/>
        <line num="69" type="stmt" count="2"/>
        <line num="71" type="stmt" count="2"/>
        <line num="72" type="stmt" count="0"/>
        <line num="73" type="stmt" count="0"/>
        <line num="74" type="stmt" count="0"/>
        <line num="75" type="stmt" count="0"/>
        <line num="78" type="stmt" count="2"/>
        <line num="81" type="method" name="linkMessageToRecipients" visibility="private" complexity="2" crap="2.04" count="2"/>
        <line num="85" type="stmt" count="2"/>
        <line num="86" type="stmt" count="2"/>
        <line num="87" type="stmt" count="2"/>
        <line num="88" type="stmt" count="2"/>
        <line num="89" type="stmt" count="2"/>
        <line num="90" type="stmt" count="2"/>
        <line num="91" type="stmt" count="2"/>
        <line num="93" type="stmt" count="2"/>
        <line num="94" type="stmt" count="2"/>
        <line num="95" type="stmt" count="2"/>
        <line num="96" type="stmt" count="2"/>
        <line num="97" type="stmt" count="2"/>
        <line num="99" type="stmt" count="2"/>
        <line num="101" type="stmt" count="2"/>
        <line num="102" type="stmt" count="0"/>
        <line num="103" type="stmt" count="0"/>
        <line num="104" type="stmt" count="0"/>
        <line num="105" type="stmt" count="0"/>
        <metrics loc="109" ncloc="103" classes="1" methods="4" coveredmethods="1" conditionals="0" coveredconditionals="0" statements="53" coveredstatements="44" elements="57" coveredelements="45"/>
      </file>
      <file name="/home/arbi/Desktop/hirealoo/notifyre-laravel/src/Services/NotifyreService.php">
        <class name="MagicSystemsIO\Notifyre\Services\NotifyreService" namespace="MagicSystemsIO\Notifyre\Services">
          <metrics complexity="12" methods="5" coveredmethods="2" conditionals="0" coveredconditionals="0" statements="23" coveredstatements="12" elements="28" coveredelements="14"/>
        </class>
        <line num="24" type="method" name="send" visibility="public" complexity="3" crap="3.71" count="3"/>
        <line num="27" type="stmt" count="3"/>
        <line num="29" type="stmt" count="0"/>
        <line num="30" type="stmt" count="0"/>
        <line num="33" type="stmt" count="0"/>
        <line num="34" type="stmt" count="3"/>
        <line num="35" type="stmt" count="3"/>
        <line num="37" type="stmt" count="3"/>
        <line num="44" type="method" name="createDriver" visibility="private" complexity="2" crap="2" count="1"/>
        <line num="47" type="stmt" count="1"/>
        <line num="54" type="method" name="getDriverName" visibility="private" complexity="3" crap="3" count="4"/>
        <line num="56" type="stmt" count="4"/>
        <line num="58" type="stmt" count="4"/>
        <line num="59" type="stmt" count="3"/>
        <line num="60" type="stmt" count="3"/>
        <line num="61" type="stmt" count="3"/>
        <line num="62" type="stmt" count="3"/>
        <line num="65" type="stmt" count="1"/>
        <line num="71" type="method" name="get" visibility="public" complexity="2" crap="6" count="0"/>
        <line num="74" type="stmt" count="0"/>
        <line num="75" type="stmt" count="0"/>
        <line num="76" type="stmt" count="0"/>
        <line num="78" type="stmt" count="0"/>
        <line num="86" type="method" name="list" visibility="public" complexity="2" crap="6" count="0"/>
        <line num="89" type="stmt" count="0"/>
        <line num="90" type="stmt" count="0"/>
        <line num="91" type="stmt" count="0"/>
        <line num="93" type="stmt" count="0"/>
        <metrics loc="97" ncloc="77" classes="1" methods="5" coveredmethods="2" conditionals="0" coveredconditionals="0" statements="23" coveredstatements="12" elements="28" coveredelements="14"/>
      </file>
    </package>
    <package name="MagicSystemsIO\Notifyre\Utils">
      <file name="/home/arbi/Desktop/hirealoo/notifyre-laravel/src/Utils/ApiClientUtils.php">
        <class name="MagicSystemsIO\Notifyre\Utils\ApiClientUtils" namespace="MagicSystemsIO\Notifyre\Utils">
          <metrics complexity="7" methods="3" coveredmethods="3" conditionals="0" coveredconditionals="0" statements="19" coveredstatements="19" elements="22" coveredelements="22"/>
        </class>
        <line num="21" type="method" name="request" visibility="public" complexity="4" crap="4" count="7"/>
        <line num="23" type="stmt" count="7"/>
        <line num="25" type="stmt" count="7"/>
        <line num="26" type="stmt" count="3"/>
        <line num="27" type="stmt" count="3"/>
        <line num="28" type="stmt" count="6"/>
        <line num="29" type="stmt" count="7"/>
        <line num="35" type="method" name="createHttpClient" visibility="public" complexity="1" crap="1" count="7"/>
        <line num="37" type="stmt" count="7"/>
        <line num="38" type="stmt" count="7"/>
        <line num="39" type="stmt" count="7"/>
        <line num="40" type="stmt" count="7"/>
        <line num="41" type="stmt" count="7"/>
        <line num="42" type="stmt" count="7"/>
        <line num="43" type="stmt" count="7"/>
        <line num="44" type="stmt" count="7"/>
        <line num="45" type="stmt" count="7"/>
        <line num="53" type="method" name="getApiKey" visibility="public" complexity="2" crap="2" count="10"/>
        <line num="55" type="stmt" count="10"/>
        <line num="56" type="stmt" count="10"/>
        <line num="57" type="stmt" count="1"/>
        <line num="60" type="stmt" count="9"/>
        <metrics loc="63" ncloc="49" classes="1" methods="3" coveredmethods="3" conditionals="0" coveredconditionals="0" statements="19" coveredstatements="19" elements="22" coveredelements="22"/>
      </file>
      <file name="/home/arbi/Desktop/hirealoo/notifyre-laravel/src/Utils/ApiUrlBuilder.php">
        <class name="MagicSystemsIO\Notifyre\Utils\ApiUrlBuilder" namespace="MagicSystemsIO\Notifyre\Utils">
          <metrics complexity="6" methods="3" coveredmethods="3" conditionals="0" coveredconditionals="0" statements="12" coveredstatements="12" elements="15" coveredelements="15"/>
        </class>
        <line num="14" type="method" name="buildSmsUrl" visibility="public" complexity="2" crap="2" count="7"/>
        <line num="16" type="stmt" count="7"/>
        <line num="17" type="stmt" count="6"/>
        <line num="19" type="stmt" count="6"/>
        <line num="20" type="stmt" count="2"/>
        <line num="23" type="stmt" count="6"/>
        <line num="31" type="method" name="getBaseUrl" visibility="private" complexity="2" crap="2" count="7"/>
        <line num="33" type="stmt" count="7"/>
        <line num="34" type="stmt" count="7"/>
        <line num="35" type="stmt" count="1"/>
        <line num="38" type="stmt" count="6"/>
        <line num="44" type="method" name="buildUrlWithQuery" visibility="public" complexity="2" crap="2" count="3"/>
        <line num="46" type="stmt" count="3"/>
        <line num="47" type="stmt" count="1"/>
        <line num="50" type="stmt" count="2"/>
        <metrics loc="53" ncloc="40" classes="1" methods="3" coveredmethods="3" conditionals="0" coveredconditionals="0" statements="12" coveredstatements="12" elements="15" coveredelements="15"/>
      </file>
      <file name="/home/arbi/Desktop/hirealoo/notifyre-laravel/src/Utils/RecipientVerificationUtils.php">
        <class name="MagicSystemsIO\Notifyre\Utils\RecipientVerificationUtils" namespace="MagicSystemsIO\Notifyre\Utils">
          <metrics complexity="10" methods="4" coveredmethods="4" conditionals="0" coveredconditionals="0" statements="16" coveredstatements="16" elements="20" coveredelements="20"/>
        </class>
        <line num="17" type="method" name="validateRecipient" visibility="public" complexity="6" crap="6" count="36"/>
        <line num="19" type="stmt" count="36"/>
        <line num="20" type="stmt" count="1"/>
        <line num="23" type="stmt" count="35"/>
        <line num="24" type="stmt" count="1"/>
        <line num="27" type="stmt" count="34"/>
        <line num="28" type="stmt" count="34"/>
        <line num="29" type="stmt" count="3"/>
        <line num="30" type="stmt" count="34"/>
        <line num="31" type="stmt" count="34"/>
        <line num="34" type="method" name="validatePhoneNumber" visibility="private" complexity="2" crap="2" count="31"/>
        <line num="37" type="stmt" count="31"/>
        <line num="38" type="stmt" count="31"/>
        <line num="40" type="stmt" count="30"/>
        <line num="41" type="stmt" count="1"/>
        <line num="42" type="stmt" count="1"/>
        <line num="46" type="method" name="validateContact" visibility="private" complexity="1" crap="1" count="2"/>
        <line num="48" type="stmt" count="2"/>
        <line num="51" type="method" name="validateGroup" visibility="private" complexity="1" crap="1" count="1"/>
        <line num="53" type="stmt" count="1"/>
        <metrics loc="56" ncloc="51" classes="1" methods="4" coveredmethods="4" conditionals="0" coveredconditionals="0" statements="16" coveredstatements="16" elements="20" coveredelements="20"/>
      </file>
      <file name="/home/arbi/Desktop/hirealoo/notifyre-laravel/src/Utils/ResponseParser.php">
        <class name="MagicSystemsIO\Notifyre\Utils\ResponseParser" namespace="MagicSystemsIO\Notifyre\Utils">
          <metrics complexity="31" methods="9" coveredmethods="7" conditionals="0" coveredconditionals="0" statements="92" coveredstatements="90" elements="101" coveredelements="97"/>
        </class>
        <line num="13" type="method" name="parseSmsListResponse" visibility="public" complexity="1" crap="1" count="2"/>
        <line num="15" type="stmt" count="2"/>
        <line num="16" type="stmt" count="2"/>
        <line num="17" type="stmt" count="2"/>
        <line num="18" type="stmt" count="2"/>
        <line num="21" type="method" name="parseSmsResponse" visibility="public" complexity="7" crap="7" count="7"/>
        <line num="23" type="stmt" count="7"/>
        <line num="24" type="stmt" count="1"/>
        <line num="27" type="stmt" count="6"/>
        <line num="28" type="stmt" count="6"/>
        <line num="30" type="stmt" count="6"/>
        <line num="31" type="stmt" count="6"/>
        <line num="32" type="stmt" count="6"/>
        <line num="34" type="stmt" count="6"/>
        <line num="35" type="stmt" count="6"/>
        <line num="36" type="stmt" count="6"/>
        <line num="37" type="stmt" count="6"/>
        <line num="38" type="stmt" count="6"/>
        <line num="39" type="stmt" count="6"/>
        <line num="40" type="stmt" count="6"/>
        <line num="41" type="stmt" count="6"/>
        <line num="42" type="stmt" count="6"/>
        <line num="43" type="stmt" count="6"/>
        <line num="44" type="stmt" count="6"/>
        <line num="45" type="stmt" count="6"/>
        <line num="46" type="stmt" count="6"/>
        <line num="47" type="stmt" count="6"/>
        <line num="48" type="stmt" count="6"/>
        <line num="49" type="stmt" count="6"/>
        <line num="51" type="stmt" count="6"/>
        <line num="52" type="stmt" count="6"/>
        <line num="53" type="stmt" count="6"/>
        <line num="54" type="stmt" count="6"/>
        <line num="55" type="stmt" count="6"/>
        <line num="56" type="stmt" count="6"/>
        <line num="57" type="stmt" count="6"/>
        <line num="60" type="method" name="parseInvalidNumbers" visibility="private" complexity="3" crap="3" count="6"/>
        <line num="62" type="stmt" count="6"/>
        <line num="63" type="stmt" count="1"/>
        <line num="64" type="stmt" count="1"/>
        <line num="65" type="stmt" count="1"/>
        <line num="66" type="stmt" count="1"/>
        <line num="69" type="stmt" count="6"/>
        <line num="72" type="method" name="parseRecipients" visibility="private" complexity="5" crap="5" count="6"/>
        <line num="74" type="stmt" count="6"/>
        <line num="75" type="stmt" count="5"/>
        <line num="76" type="stmt" count="1"/>
        <line num="77" type="stmt" count="1"/>
        <line num="80" type="stmt" count="6"/>
        <line num="83" type="method" name="parseRecipient" visibility="private" complexity="1" crap="1" count="6"/>
        <line num="85" type="stmt" count="6"/>
        <line num="86" type="stmt" count="6"/>
        <line num="87" type="stmt" count="6"/>
        <line num="88" type="stmt" count="6"/>
        <line num="89" type="stmt" count="6"/>
        <line num="90" type="stmt" count="6"/>
        <line num="91" type="stmt" count="6"/>
        <line num="92" type="stmt" count="6"/>
        <line num="93" type="stmt" count="6"/>
        <line num="94" type="stmt" count="6"/>
        <line num="95" type="stmt" count="6"/>
        <line num="96" type="stmt" count="6"/>
        <line num="97" type="stmt" count="6"/>
        <line num="98" type="stmt" count="6"/>
        <line num="104" type="method" name="parseMetadata" visibility="private" complexity="3" crap="3" count="6"/>
        <line num="106" type="stmt" count="6"/>
        <line num="107" type="stmt" count="4"/>
        <line num="108" type="stmt" count="4"/>
        <line num="109" type="stmt" count="4"/>
        <line num="110" type="stmt" count="4"/>
        <line num="113" type="stmt" count="2"/>
        <line num="119" type="method" name="groupSmsMessagesByID" visibility="private" complexity="3" crap="3" count="2"/>
        <line num="121" type="stmt" count="2"/>
        <line num="123" type="stmt" count="2"/>
        <line num="124" type="stmt" count="2"/>
        <line num="125" type="stmt" count="2"/>
        <line num="127" type="stmt" count="2"/>
        <line num="128" type="stmt" count="2"/>
        <line num="130" type="stmt" count="1"/>
        <line num="134" type="stmt" count="2"/>
        <line num="137" type="method" name="mergeMessageRecipients" visibility="private" complexity="4" crap="4.01" count="1"/>
        <line num="139" type="stmt" count="1"/>
        <line num="140" type="stmt" count="1"/>
        <line num="142" type="stmt" count="1"/>
        <line num="143" type="stmt" count="1"/>
        <line num="145" type="stmt" count="1"/>
        <line num="147" type="stmt" count="1"/>
        <line num="148" type="stmt" count="1"/>
        <line num="149" type="stmt" count="1"/>
        <line num="153" type="stmt" count="1"/>
        <line num="154" type="stmt" count="1"/>
        <line num="156" type="stmt" count="1"/>
        <line num="157" type="stmt" count="1"/>
        <line num="159" type="stmt" count="0"/>
        <line num="162" type="stmt" count="1"/>
        <line num="165" type="method" name="normalizeRecipients" visibility="private" complexity="4" crap="4.13" count="1"/>
        <line num="167" type="stmt" count="1"/>
        <line num="168" type="stmt" count="1"/>
        <line num="171" type="stmt" count="1"/>
        <line num="172" type="stmt" count="1"/>
        <line num="175" type="stmt" count="0"/>
        <metrics loc="178" ncloc="172" classes="1" methods="9" coveredmethods="7" conditionals="0" coveredconditionals="0" statements="92" coveredstatements="90" elements="101" coveredelements="97"/>
      </file>
    </package>
    <file name="/home/arbi/Desktop/hirealoo/notifyre-laravel/src/helpers.php">
      <line num="8" type="stmt" count="1"/>
      <metrics loc="11" ncloc="11" classes="0" methods="0" coveredmethods="0" conditionals="0" coveredconditionals="0" statements="1" coveredstatements="1" elements="1" coveredelements="1"/>
    </file>
    <metrics files="41" loc="2398" ncloc="2227" classes="38" methods="110" coveredmethods="79" conditionals="0" coveredconditionals="0" statements="840" coveredstatements="768" elements="950" coveredelements="847"/>
  </project>
</coverage>
